2026-05-28T22:45:52.449Z
    -GET
    -/api/categories
    -Cannot access 'categories' before initialization
    -ReferenceError: Cannot access 'categories' before initialization
    at getCategories (file:///C:/Users/Usuario/Documents/GitHub/Cafecito-Feliz/cafecito-api/src/controllers/categoryController.js:12:43)
    at process.processTicksAndRejections (node:internal/process/task_queues:103:5)
2026-05-28T22:46:07.888Z
    -GET
    -/api/categories
    -Cannot access 'categories' before initialization
    -ReferenceError: Cannot access 'categories' before initialization
    at getCategories (file:///C:/Users/Usuario/Documents/GitHub/Cafecito-Feliz/cafecito-api/src/controllers/categoryController.js:12:43)
    at process.processTicksAndRejections (node:internal/process/task_queues:103:5)
2026-05-28T22:46:16.464Z
    -GET
    -/api/categories
    -Cannot access 'categories' before initialization
    -ReferenceError: Cannot access 'categories' before initialization
    at getCategories (file:///C:/Users/Usuario/Documents/GitHub/Cafecito-Feliz/cafecito-api/src/controllers/categoryController.js:12:43)
    at process.processTicksAndRejections (node:internal/process/task_queues:103:5)
2026-05-28T22:47:07.141Z
    -GET
    -/api/categories
    -Cannot access 'categories' before initialization
    -ReferenceError: Cannot access 'categories' before initialization
    at getCategories (file:///C:/Users/Usuario/Documents/GitHub/Cafecito-Feliz/cafecito-api/src/controllers/categoryController.js:12:43)
    at process.processTicksAndRejections (node:internal/process/task_queues:103:5)
2026-05-28T22:47:57.424Z
    -GET
    -/api/categories
    -Cannot access 'categories' before initialization
    -ReferenceError: Cannot access 'categories' before initialization
    at getCategories (file:///C:/Users/Usuario/Documents/GitHub/Cafecito-Feliz/cafecito-api/src/controllers/categoryController.js:12:43)
    at process.processTicksAndRejections (node:internal/process/task_queues:103:5)
2026-05-28T22:48:22.153Z
    -GET
    -/api/categories
    -Cannot access 'categories' before initialization
    -ReferenceError: Cannot access 'categories' before initialization
    at getCategories (file:///C:/Users/Usuario/Documents/GitHub/Cafecito-Feliz/cafecito-api/src/controllers/categoryController.js:12:43)
    at process.processTicksAndRejections (node:internal/process/task_queues:103:5)
2026-06-09T22:20:25.548Z
    -POST
    -/api/products
    -Product validation failed: stock: Path `stock` is required.
    -ValidationError: Product validation failed: stock: Path `stock` is required.
    at model.validate (C:\Users\Usuario\Documents\GitHub\Cafecito-Feliz\cafecito-api\node_modules\mongoose\lib\document.js:2864:36)
    at process.processTicksAndRejections (node:internal/process/task_queues:103:5)
    at async model.$__save (C:\Users\Usuario\Documents\GitHub\Cafecito-Feliz\cafecito-api\node_modules\mongoose\lib\model.js:393:7)
    at async model.save (C:\Users\Usuario\Documents\GitHub\Cafecito-Feliz\cafecito-api\node_modules\mongoose\lib\model.js:667:5)
    at async createProduct (file:///C:/Users/Usuario/Documents/GitHub/Cafecito-Feliz/cafecito-api/src/controllers/productController.js:99:9)
2026-06-09T22:20:52.768Z
    -POST
    -/api/products
    -Product validation failed: stock: Path `stock` is required.
    -ValidationError: Product validation failed: stock: Path `stock` is required.
    at model.validate (C:\Users\Usuario\Documents\GitHub\Cafecito-Feliz\cafecito-api\node_modules\mongoose\lib\document.js:2864:36)
    at process.processTicksAndRejections (node:internal/process/task_queues:103:5)
    at async model.$__save (C:\Users\Usuario\Documents\GitHub\Cafecito-Feliz\cafecito-api\node_modules\mongoose\lib\model.js:393:7)
    at async model.save (C:\Users\Usuario\Documents\GitHub\Cafecito-Feliz\cafecito-api\node_modules\mongoose\lib\model.js:667:5)
    at async createProduct (file:///C:/Users/Usuario/Documents/GitHub/Cafecito-Feliz/cafecito-api/src/controllers/productController.js:99:9)
2026-06-09T22:26:02.175Z
    -POST
    -/api/products
    -E11000 duplicate key error collection: cafecito-db.products index: name_1 dup key: { name: "Macchiato Clásico" }
    -MongoServerError: E11000 duplicate key error collection: cafecito-db.products index: name_1 dup key: { name: "Macchiato Clásico" }
    at InsertOneOperation.handleOk (C:\Users\Usuario\Documents\GitHub\Cafecito-Feliz\cafecito-api\node_modules\mongodb\lib\operations\insert.js:51:19)
    at executeOperationWithRetries (C:\Users\Usuario\Documents\GitHub\Cafecito-Feliz\cafecito-api\node_modules\mongodb\lib\operations\execute_operation.js:194:34)
    at process.processTicksAndRejections (node:internal/process/task_queues:103:5)
    at async executeOperation (C:\Users\Usuario\Documents\GitHub\Cafecito-Feliz\cafecito-api\node_modules\mongodb\lib\operations\execute_operation.js:83:16)
    at async Collection.insertOne (C:\Users\Usuario\Documents\GitHub\Cafecito-Feliz\cafecito-api\node_modules\mongodb\lib\collection.js:154:16)
    at async model.$__save (C:\Users\Usuario\Documents\GitHub\Cafecito-Feliz\cafecito-api\node_modules\mongoose\lib\model.js:428:16)
    at async model.save (C:\Users\Usuario\Documents\GitHub\Cafecito-Feliz\cafecito-api\node_modules\mongoose\lib\model.js:667:5)
    at async createProduct (file:///C:/Users/Usuario/Documents/GitHub/Cafecito-Feliz/cafecito-api/src/controllers/productController.js:99:9)
2026-06-14T00:11:17.522Z
    -POST
    -/api/orders/preview
    -discountPercentage is not defined
    -ReferenceError: discountPercentage is not defined
    at previewOrder (file:///C:/Users/Usuario/Documents/GitHub/Cafecito-Feliz/cafecito-api/src/controllers/orderController.js:288:66)
    at process.processTicksAndRejections (node:internal/process/task_queues:103:5)
2026-06-14T00:15:50.102Z
    -POST
    -/api/orders/preview
    -discountPercentage is not defined
    -ReferenceError: discountPercentage is not defined
    at calculateOrderFinancials (file:///C:/Users/Usuario/Documents/GitHub/Cafecito-Feliz/cafecito-api/src/utils/orderHelper.js:21:47)
    at previewOrder (file:///C:/Users/Usuario/Documents/GitHub/Cafecito-Feliz/cafecito-api/src/controllers/orderController.js:288:28)
    at process.processTicksAndRejections (node:internal/process/task_queues:103:5)
2026-06-14T00:17:06.157Z
    -POST
    -/api/orders/preview
    -discountPercentage is not defined
    -ReferenceError: discountPercentage is not defined
    at calculateOrderFinancials (file:///C:/Users/Usuario/Documents/GitHub/Cafecito-Feliz/cafecito-api/src/utils/orderHelper.js:21:47)
    at previewOrder (file:///C:/Users/Usuario/Documents/GitHub/Cafecito-Feliz/cafecito-api/src/controllers/orderController.js:288:28)
    at process.processTicksAndRejections (node:internal/process/task_queues:103:5)
2026-06-15T23:21:21.414Z
    -GET
    -/api/total-cash/orders?openedAt=Mon%20Jun%2015%202026%2017:20:34%20GMT-0600%20(hora%20est%C3%A1ndar%20central)
    -mongoose is not defined
    -ReferenceError: mongoose is not defined
    at getTurnoTotal (file:///C:/Users/Usuario/Documents/GitHub/Cafecito-Feliz/cafecito-api/src/controllers/cashSessionController.js:21:31)
    at Layer.handleRequest (C:\Users\Usuario\Documents\GitHub\Cafecito-Feliz\cafecito-api\node_modules\router\lib\layer.js:152:17)
    at next (C:\Users\Usuario\Documents\GitHub\Cafecito-Feliz\cafecito-api\node_modules\router\lib\route.js:157:13)
    at file:///C:/Users/Usuario/Documents/GitHub/Cafecito-Feliz/cafecito-api/src/middlewares/authMiddleware.js:22:9
    at C:\Users\Usuario\Documents\GitHub\Cafecito-Feliz\cafecito-api\node_modules\jsonwebtoken\verify.js:261:12
    at getSecret (C:\Users\Usuario\Documents\GitHub\Cafecito-Feliz\cafecito-api\node_modules\jsonwebtoken\verify.js:97:14)
    at module.exports [as verify] (C:\Users\Usuario\Documents\GitHub\Cafecito-Feliz\cafecito-api\node_modules\jsonwebtoken\verify.js:101:10)
    at authMiddleware (file:///C:/Users/Usuario/Documents/GitHub/Cafecito-Feliz/cafecito-api/src/middlewares/authMiddleware.js:10:9)
    at Layer.handleRequest (C:\Users\Usuario\Documents\GitHub\Cafecito-Feliz\cafecito-api\node_modules\router\lib\layer.js:152:17)
    at next (C:\Users\Usuario\Documents\GitHub\Cafecito-Feliz\cafecito-api\node_modules\router\lib\route.js:157:13)
2026-06-16T03:45:35.532Z
    -POST
    -/api/total-cash/open
    -CashSession validation failed: sellerId: Path `sellerId` is required.
    -ValidationError: CashSession validation failed: sellerId: Path `sellerId` is required.
    at model.validate (C:\Users\Usuario\Documents\GitHub\Cafecito-Feliz\cafecito-api\node_modules\mongoose\lib\document.js:2864:36)
    at process.processTicksAndRejections (node:internal/process/task_queues:103:5)
    at async model.$__save (C:\Users\Usuario\Documents\GitHub\Cafecito-Feliz\cafecito-api\node_modules\mongoose\lib\model.js:393:7)
    at async model.save (C:\Users\Usuario\Documents\GitHub\Cafecito-Feliz\cafecito-api\node_modules\mongoose\lib\model.js:667:5)
    at async model.create (C:\Users\Usuario\Documents\GitHub\Cafecito-Feliz\cafecito-api\node_modules\mongoose\lib\model.js:2747:5)
    at async openCashSession (file:///C:/Users/Usuario/Documents/GitHub/Cafecito-Feliz/cafecito-api/src/controllers/cashSessionController.js:54:28)
2026-06-16T03:48:31.550Z
    -POST
    -/api/total-cash/open
    -CashSession validation failed: sellerId: Path `sellerId` is required.
    -ValidationError: CashSession validation failed: sellerId: Path `sellerId` is required.
    at model.validate (C:\Users\Usuario\Documents\GitHub\Cafecito-Feliz\cafecito-api\node_modules\mongoose\lib\document.js:2864:36)
    at process.processTicksAndRejections (node:internal/process/task_queues:103:5)
    at async model.$__save (C:\Users\Usuario\Documents\GitHub\Cafecito-Feliz\cafecito-api\node_modules\mongoose\lib\model.js:393:7)
    at async model.save (C:\Users\Usuario\Documents\GitHub\Cafecito-Feliz\cafecito-api\node_modules\mongoose\lib\model.js:667:5)
    at async model.create (C:\Users\Usuario\Documents\GitHub\Cafecito-Feliz\cafecito-api\node_modules\mongoose\lib\model.js:2747:5)
    at async openCashSession (file:///C:/Users/Usuario/Documents/GitHub/Cafecito-Feliz/cafecito-api/src/controllers/cashSessionController.js:54:28)
2026-06-16T03:50:09.864Z
    -POST
    -/api/total-cash/open
    -CashSession validation failed: sellerId: Path `sellerId` is required.
    -ValidationError: CashSession validation failed: sellerId: Path `sellerId` is required.
    at model.validate (C:\Users\Usuario\Documents\GitHub\Cafecito-Feliz\cafecito-api\node_modules\mongoose\lib\document.js:2864:36)
    at process.processTicksAndRejections (node:internal/process/task_queues:103:5)
    at async model.$__save (C:\Users\Usuario\Documents\GitHub\Cafecito-Feliz\cafecito-api\node_modules\mongoose\lib\model.js:393:7)
    at async model.save (C:\Users\Usuario\Documents\GitHub\Cafecito-Feliz\cafecito-api\node_modules\mongoose\lib\model.js:667:5)
    at async model.create (C:\Users\Usuario\Documents\GitHub\Cafecito-Feliz\cafecito-api\node_modules\mongoose\lib\model.js:2747:5)
    at async openCashSession (file:///C:/Users/Usuario/Documents/GitHub/Cafecito-Feliz/cafecito-api/src/controllers/cashSessionController.js:58:28)
2026-06-16T03:54:21.312Z
    -POST
    -/api/orders
    -E11000 duplicate key error collection: cafecito-db.orders index: orderNumber_1 dup key: { orderNumber: 6 }
    -MongoServerError: E11000 duplicate key error collection: cafecito-db.orders index: orderNumber_1 dup key: { orderNumber: 6 }
    at InsertOneOperation.handleOk (C:\Users\Usuario\Documents\GitHub\Cafecito-Feliz\cafecito-api\node_modules\mongodb\lib\operations\insert.js:51:19)
    at executeOperationWithRetries (C:\Users\Usuario\Documents\GitHub\Cafecito-Feliz\cafecito-api\node_modules\mongodb\lib\operations\execute_operation.js:194:34)
    at process.processTicksAndRejections (node:internal/process/task_queues:103:5)
    at async executeOperation (C:\Users\Usuario\Documents\GitHub\Cafecito-Feliz\cafecito-api\node_modules\mongodb\lib\operations\execute_operation.js:83:16)
    at async Collection.insertOne (C:\Users\Usuario\Documents\GitHub\Cafecito-Feliz\cafecito-api\node_modules\mongodb\lib\collection.js:154:16)
    at async model.$__save (C:\Users\Usuario\Documents\GitHub\Cafecito-Feliz\cafecito-api\node_modules\mongoose\lib\model.js:428:16)
    at async model.save (C:\Users\Usuario\Documents\GitHub\Cafecito-Feliz\cafecito-api\node_modules\mongoose\lib\model.js:667:5)
    at async model.create (C:\Users\Usuario\Documents\GitHub\Cafecito-Feliz\cafecito-api\node_modules\mongoose\lib\model.js:2747:5)
    at async createOrder (file:///C:/Users/Usuario/Documents/GitHub/Cafecito-Feliz/cafecito-api/src/controllers/orderController.js:179:30)
2026-06-16T03:54:25.518Z
    -POST
    -/api/orders
    -E11000 duplicate key error collection: cafecito-db.orders index: orderNumber_1 dup key: { orderNumber: 6 }
    -MongoServerError: E11000 duplicate key error collection: cafecito-db.orders index: orderNumber_1 dup key: { orderNumber: 6 }
    at InsertOneOperation.handleOk (C:\Users\Usuario\Documents\GitHub\Cafecito-Feliz\cafecito-api\node_modules\mongodb\lib\operations\insert.js:51:19)
    at executeOperationWithRetries (C:\Users\Usuario\Documents\GitHub\Cafecito-Feliz\cafecito-api\node_modules\mongodb\lib\operations\execute_operation.js:194:34)
    at process.processTicksAndRejections (node:internal/process/task_queues:103:5)
    at async executeOperation (C:\Users\Usuario\Documents\GitHub\Cafecito-Feliz\cafecito-api\node_modules\mongodb\lib\operations\execute_operation.js:83:16)
    at async Collection.insertOne (C:\Users\Usuario\Documents\GitHub\Cafecito-Feliz\cafecito-api\node_modules\mongodb\lib\collection.js:154:16)
    at async model.$__save (C:\Users\Usuario\Documents\GitHub\Cafecito-Feliz\cafecito-api\node_modules\mongoose\lib\model.js:428:16)
    at async model.save (C:\Users\Usuario\Documents\GitHub\Cafecito-Feliz\cafecito-api\node_modules\mongoose\lib\model.js:667:5)
    at async model.create (C:\Users\Usuario\Documents\GitHub\Cafecito-Feliz\cafecito-api\node_modules\mongoose\lib\model.js:2747:5)
    at async createOrder (file:///C:/Users/Usuario/Documents/GitHub/Cafecito-Feliz/cafecito-api/src/controllers/orderController.js:179:30)
